source/To-do/android/app/build/intermediates/manifest_merge_blame_file/release/manifest-merger-blame-release-report.txt
1<?xml version="1.0" encoding="utf-8"?>
2<manifest xmlns:android="http://schemas.android.com/apk/res/android"
3    package="com.todoredux"
4    android:versionCode="1"
5    android:versionName="1.0" >
6
7    <uses-sdk
8        android:minSdkVersion="16"
8-->src/main/AndroidManifest.xml
9        android:targetSdkVersion="29" />
9-->src/main/AndroidManifest.xml
10
11    <uses-permission android:name="android.permission.INTERNET" />
11-->src/main/AndroidManifest.xml:4:5-67
11-->src/main/AndroidManifest.xml:4:22-64
12
13    <application
13-->src/main/AndroidManifest.xml:6:5-24:19
14        android:name="com.todoredux.MainApplication"
14-->src/main/AndroidManifest.xml:7:7-38
15        android:allowBackup="false"
15-->src/main/AndroidManifest.xml:10:7-34
16        android:appComponentFactory="androidx.core.app.CoreComponentFactory"
16-->[androidx.core:core:1.1.0] AndroidManifest.xml:24:18-86
17        android:icon="@mipmap/ic_launcher"
17-->src/main/AndroidManifest.xml:9:7-41
18        android:label="@string/app_name"
18-->src/main/AndroidManifest.xml:8:7-39
19        android:theme="@style/AppTheme" >
19-->src/main/AndroidManifest.xml:11:7-38
20        <activity
20-->src/main/AndroidManifest.xml:12:7-22:18
21            android:name="com.todoredux.MainActivity"
21-->src/main/AndroidManifest.xml:13:9-37
22            android:configChanges="keyboard|keyboardHidden|orientation|screenSize|uiMode"
22-->src/main/AndroidManifest.xml:15:9-86
23            android:label="@string/app_name"
23-->src/main/AndroidManifest.xml:14:9-41
24            android:launchMode="singleTask"
24-->src/main/AndroidManifest.xml:16:9-40
25            android:windowSoftInputMode="adjustResize" >
25-->src/main/AndroidManifest.xml:17:9-51
26            <intent-filter>
26-->src/main/AndroidManifest.xml:18:9-21:25
27                <action android:name="android.intent.action.MAIN" />
27-->src/main/AndroidManifest.xml:19:13-65
27-->src/main/AndroidManifest.xml:19:21-62
28
29                <category android:name="android.intent.category.LAUNCHER" />
29-->src/main/AndroidManifest.xml:20:13-73
29-->src/main/AndroidManifest.xml:20:23-70
30            </intent-filter>
31        </activity>
32        <activity android:name="com.facebook.react.devsupport.DevSettingsActivity" />
32-->src/main/AndroidManifest.xml:23:7-84
32-->src/main/AndroidManifest.xml:23:17-81
33    </application>
34
35</manifest>